2015-08-05 21:45:35,997 - [INFO] - from play in pool-20-thread-1 
Listening for HTTP on /0:0:0:0:0:0:0:0:9000

2015-08-05 21:45:59,520 - [INFO] - from play in play-internal-execution-context-1 
Starting application default Akka system.

2015-08-05 21:45:59,560 - [INFO] - from play in play-internal-execution-context-1 
Application started (Dev)

2015-08-05 21:51:22,614 - [INFO] - from play in play-internal-execution-context-1 
Shutdown application default Akka system.

2015-08-05 21:51:23,129 - [INFO] - from play in play-internal-execution-context-1 
Starting application default Akka system.

2015-08-05 21:51:23,136 - [INFO] - from play in play-internal-execution-context-1 
Application started (Dev)

2015-08-05 21:53:40,066 - [INFO] - from play in play-internal-execution-context-1 
Shutdown application default Akka system.

2015-08-05 21:53:40,465 - [INFO] - from play in play-internal-execution-context-1 
Starting application default Akka system.

2015-08-05 21:53:40,471 - [INFO] - from play in play-internal-execution-context-1 
Application started (Dev)

2015-08-05 21:57:21,628 - [INFO] - from play in play-internal-execution-context-1 
Shutdown application default Akka system.

2015-08-05 21:57:22,038 - [INFO] - from play in play-internal-execution-context-1 
Starting application default Akka system.

2015-08-05 21:57:22,047 - [INFO] - from play in play-internal-execution-context-1 
Application started (Dev)

2015-08-05 21:58:48,581 - [INFO] - from play in play-internal-execution-context-1 
Shutdown application default Akka system.

2015-08-05 21:58:48,729 - [INFO] - from play in play-internal-execution-context-1 
Starting application default Akka system.

2015-08-05 21:58:48,735 - [INFO] - from play in play-internal-execution-context-1 
Application started (Dev)

2015-08-05 21:59:45,457 - [INFO] - from play in play-internal-execution-context-1 
Shutdown application default Akka system.

2015-08-05 21:59:45,886 - [INFO] - from play in play-internal-execution-context-1 
Starting application default Akka system.

2015-08-05 21:59:45,894 - [INFO] - from play in play-internal-execution-context-1 
Application started (Dev)

2015-08-05 22:00:50,856 - [INFO] - from play in play-internal-execution-context-1 
Shutdown application default Akka system.

2015-08-05 22:00:51,006 - [INFO] - from play in play-internal-execution-context-1 
Starting application default Akka system.

2015-08-05 22:00:51,013 - [INFO] - from play in play-internal-execution-context-1 
Application started (Dev)

2015-08-05 22:01:46,980 - [INFO] - from play in play-internal-execution-context-1 
Shutdown application default Akka system.

2015-08-05 22:01:47,335 - [INFO] - from play in play-internal-execution-context-1 
Starting application default Akka system.

2015-08-05 22:01:47,340 - [INFO] - from play in play-internal-execution-context-1 
Application started (Dev)

2015-08-05 22:02:50,654 - [INFO] - from play in play-internal-execution-context-1 
Shutdown application default Akka system.

2015-08-05 22:02:50,743 - [INFO] - from play in play-internal-execution-context-1 
Starting application default Akka system.

2015-08-05 22:02:50,751 - [INFO] - from play in play-internal-execution-context-1 
Application started (Dev)

2015-08-05 22:03:52,042 - [INFO] - from play in play-internal-execution-context-1 
Shutdown application default Akka system.

2015-08-05 22:03:52,441 - [INFO] - from play in play-internal-execution-context-1 
Starting application default Akka system.

2015-08-05 22:03:52,446 - [INFO] - from play in play-internal-execution-context-1 
Application started (Dev)

2015-08-05 22:05:51,450 - [INFO] - from play in play-internal-execution-context-1 
Shutdown application default Akka system.

2015-08-05 22:05:52,808 - [INFO] - from play in play-internal-execution-context-1 
Starting application default Akka system.

2015-08-05 22:05:52,813 - [INFO] - from play in play-internal-execution-context-1 
Application started (Dev)

2015-08-05 22:06:36,529 - [INFO] - from play in play-internal-execution-context-1 
Shutdown application default Akka system.

2015-08-05 22:06:36,623 - [INFO] - from play in play-internal-execution-context-1 
Starting application default Akka system.

2015-08-05 22:06:36,629 - [INFO] - from play in play-internal-execution-context-1 
Application started (Dev)

2015-08-05 22:07:22,426 - [INFO] - from play in play-internal-execution-context-1 
Shutdown application default Akka system.

2015-08-05 22:07:23,943 - [INFO] - from play in play-internal-execution-context-1 
Starting application default Akka system.

2015-08-05 22:07:23,948 - [INFO] - from play in play-internal-execution-context-1 
Application started (Dev)

2015-08-05 22:07:38,653 - [INFO] - from play in play-internal-execution-context-1 
Shutdown application default Akka system.

2015-08-05 22:07:38,740 - [INFO] - from play in play-internal-execution-context-1 
Starting application default Akka system.

2015-08-05 22:07:38,745 - [INFO] - from play in play-internal-execution-context-1 
Application started (Dev)

2015-08-05 22:08:39,003 - [INFO] - from play in play-internal-execution-context-1 
Shutdown application default Akka system.

2015-08-05 22:08:39,104 - [INFO] - from play in play-internal-execution-context-1 
Starting application default Akka system.

2015-08-05 22:08:39,109 - [INFO] - from play in play-internal-execution-context-1 
Application started (Dev)

2015-08-05 22:12:51,737 - [INFO] - from play in play-internal-execution-context-1 
Shutdown application default Akka system.

2015-08-05 22:12:52,154 - [INFO] - from play in play-internal-execution-context-1 
Starting application default Akka system.

2015-08-05 22:12:52,160 - [INFO] - from play in play-internal-execution-context-1 
Application started (Dev)

2015-08-05 22:17:16,044 - [INFO] - from play in play-internal-execution-context-1 
Shutdown application default Akka system.

2015-08-05 22:17:16,479 - [INFO] - from play in play-internal-execution-context-1 
Starting application default Akka system.

2015-08-05 22:17:16,484 - [INFO] - from play in play-internal-execution-context-1 
Application started (Dev)

2015-08-05 22:18:37,135 - [INFO] - from play in play-internal-execution-context-1 
Shutdown application default Akka system.

2015-08-05 22:18:37,214 - [INFO] - from play in play-internal-execution-context-1 
Starting application default Akka system.

2015-08-05 22:18:37,220 - [INFO] - from play in play-internal-execution-context-1 
Application started (Dev)

2015-08-05 22:19:58,132 - [INFO] - from play in play-internal-execution-context-1 
Shutdown application default Akka system.

2015-08-05 22:19:58,472 - [INFO] - from play in play-internal-execution-context-1 
Starting application default Akka system.

2015-08-05 22:19:58,479 - [INFO] - from play in play-internal-execution-context-1 
Application started (Dev)

2015-08-05 22:34:09,408 - [INFO] - from play in play-internal-execution-context-1 
Shutdown application default Akka system.

2015-08-05 22:34:09,812 - [INFO] - from play in play-internal-execution-context-1 
Starting application default Akka system.

2015-08-05 22:34:09,817 - [INFO] - from play in play-internal-execution-context-1 
Application started (Dev)

2015-08-05 22:34:49,257 - [INFO] - from play in play-internal-execution-context-1 
Shutdown application default Akka system.

2015-08-05 22:34:49,331 - [INFO] - from play in play-internal-execution-context-1 
Starting application default Akka system.

2015-08-05 22:34:49,337 - [INFO] - from play in play-internal-execution-context-1 
Application started (Dev)

2015-08-05 22:36:41,966 - [INFO] - from play in play-internal-execution-context-1 
Shutdown application default Akka system.

2015-08-05 22:36:42,308 - [INFO] - from play in play-internal-execution-context-1 
Starting application default Akka system.

2015-08-05 22:36:42,313 - [INFO] - from play in play-internal-execution-context-1 
Application started (Dev)

2015-08-05 22:38:23,888 - [INFO] - from play in play-internal-execution-context-1 
Shutdown application default Akka system.

2015-08-05 22:38:23,955 - [INFO] - from play in play-internal-execution-context-1 
Starting application default Akka system.

2015-08-05 22:38:23,963 - [INFO] - from play in play-internal-execution-context-1 
Application started (Dev)

2015-08-05 22:42:53,889 - [INFO] - from play in play-internal-execution-context-1 
Shutdown application default Akka system.

2015-08-05 22:42:54,312 - [INFO] - from play in play-internal-execution-context-1 
Starting application default Akka system.

2015-08-05 22:42:54,318 - [INFO] - from play in play-internal-execution-context-1 
Application started (Dev)

2015-08-05 22:44:14,229 - [INFO] - from play in play-internal-execution-context-1 
Shutdown application default Akka system.

2015-08-05 22:44:14,302 - [INFO] - from play in play-internal-execution-context-1 
Starting application default Akka system.

2015-08-05 22:44:14,307 - [INFO] - from play in play-internal-execution-context-1 
Application started (Dev)

2015-08-05 22:45:34,003 - [INFO] - from play in play-internal-execution-context-1 
Shutdown application default Akka system.

2015-08-05 22:45:34,352 - [INFO] - from play in play-internal-execution-context-1 
Starting application default Akka system.

2015-08-05 22:45:34,358 - [INFO] - from play in play-internal-execution-context-1 
Application started (Dev)

2015-08-05 22:46:23,860 - [INFO] - from play in play-internal-execution-context-1 
Shutdown application default Akka system.

2015-08-05 22:46:23,965 - [INFO] - from play in play-internal-execution-context-1 
Starting application default Akka system.

2015-08-05 22:46:23,975 - [INFO] - from play in play-internal-execution-context-1 
Application started (Dev)

2015-08-05 22:47:22,266 - [INFO] - from play in play-internal-execution-context-1 
Shutdown application default Akka system.

2015-08-05 22:47:22,340 - [INFO] - from play in play-internal-execution-context-1 
Starting application default Akka system.

2015-08-05 22:47:22,349 - [INFO] - from play in play-internal-execution-context-1 
Application started (Dev)

2015-08-05 22:47:47,364 - [INFO] - from play in play-internal-execution-context-1 
Shutdown application default Akka system.

2015-08-05 22:47:48,415 - [INFO] - from play in play-internal-execution-context-1 
Starting application default Akka system.

2015-08-05 22:47:48,420 - [INFO] - from play in play-internal-execution-context-1 
Application started (Dev)

2015-08-05 22:49:19,499 - [INFO] - from play in play-internal-execution-context-1 
Shutdown application default Akka system.

2015-08-05 22:49:19,582 - [INFO] - from play in play-internal-execution-context-1 
Starting application default Akka system.

2015-08-05 22:49:19,588 - [INFO] - from play in play-internal-execution-context-1 
Application started (Dev)

2015-08-05 22:49:53,150 - [INFO] - from play in pool-20-thread-1 
Shutdown application default Akka system.

